<?xml version="1.0" encoding="UTF-8"?>
<!-- Generated by org.testng.reporters.JUnitXMLReporter -->
<testsuite ignored="1" hostname="LAPTOP-8DMJNPKO" failures="0" tests="1" name="chrome browser" time="19.289" errors="0" timestamp="2023-04-10T21:52:17 EDT">
  <testcase classname="banking3.testngmarch27.NewTest" name="signin_facebbok" time="15.573"/>
  <testcase classname="banking3.testngmarch27.NewTest" name="signin_facebbok2" time="0.0">
    <ignored/>
  </testcase> <!-- signin_facebbok2 -->
</testsuite> <!-- chrome browser -->
